SF:lib\init_affairs.dart
DA:14,3
DA:16,1
DA:18,2
DA:19,1
DA:25,1
DA:27,1
DA:30,1
DA:31,1
DA:32,1
DA:35,0
DA:36,0
DA:37,0
DA:41,1
DA:42,3
DA:44,0
DA:46,1
LF:16
LH:12
end_of_record
SF:lib\main.dart
DA:18,0
DA:19,0
DA:20,0
DA:24,2
DA:26,1
DA:28,1
DA:29,1
DA:30,1
DA:31,3
DA:32,3
DA:34,1
DA:35,1
DA:36,1
DA:37,2
DA:39,1
DA:40,2
DA:43,1
DA:44,0
DA:45,0
DA:46,0
DA:48,1
DA:49,2
DA:50,1
DA:55,1
DA:56,1
DA:57,1
DA:59,1
DA:60,1
DA:62,2
DA:66,1
DA:67,1
DA:68,1
DA:76,1
LF:33
LH:27
end_of_record
SF:lib\base_manager\db_manager.dart
DA:7,0
DA:8,0
DA:10,0
DA:11,0
DA:12,0
DA:15,0
LF:6
LH:0
end_of_record
SF:lib\base_manager\path_manager.dart
DA:14,0
DA:19,0
DA:24,0
DA:29,0
DA:35,0
DA:36,0
DA:37,0
DA:38,0
DA:40,0
DA:41,0
DA:44,0
DA:46,0
DA:47,0
DA:48,0
DA:49,0
DA:52,0
DA:53,0
DA:54,0
DA:55,0
DA:56,0
DA:57,0
DA:58,0
DA:60,0
DA:61,0
DA:63,0
DA:64,0
DA:66,0
DA:67,0
DA:69,0
DA:70,0
DA:72,0
DA:73,0
DA:75,0
DA:76,0
DA:80,0
DA:84,0
DA:85,0
LF:37
LH:0
end_of_record
SF:lib\entity\user_auth_params.dart
DA:27,0
DA:39,0
DA:40,0
DA:41,0
DA:42,0
DA:43,0
DA:44,0
DA:45,0
DA:46,0
DA:47,0
DA:48,0
DA:49,0
LF:12
LH:0
end_of_record
SF:lib\config\app_properties.dart
DA:5,0
DA:11,0
DA:12,0
DA:16,0
DA:20,0
LF:5
LH:0
end_of_record
SF:lib\common\res_enum.dart
DA:57,0
DA:59,0
DA:60,0
DA:61,0
DA:65,0
DA:69,0
DA:70,0
LF:7
LH:0
end_of_record
SF:lib\entity\authed_user.dart
DA:13,0
DA:20,0
DA:23,0
DA:24,0
DA:26,0
DA:27,0
DA:29,0
DA:30,0
LF:8
LH:0
end_of_record
SF:lib\generated\authed_user.g.dart
DA:9,0
DA:10,0
DA:11,0
DA:12,0
DA:15,0
DA:16,0
DA:17,0
DA:18,0
DA:19,0
LF:9
LH:0
end_of_record
SF:lib\entity\user.dart
DA:23,0
DA:34,0
DA:37,0
DA:38,0
DA:40,0
DA:41,0
DA:43,0
DA:44,0
DA:46,0
DA:47,0
DA:49,0
DA:50,0
DA:52,0
DA:53,0
DA:55,0
DA:56,0
LF:16
LH:0
end_of_record
SF:lib\generated\user.g.dart
DA:9,0
DA:10,0
DA:11,0
DA:12,0
DA:13,0
DA:14,0
DA:15,0
DA:16,0
DA:19,0
DA:20,0
DA:21,0
DA:22,0
DA:23,0
DA:24,0
DA:25,0
DA:26,0
LF:16
LH:0
end_of_record
SF:lib\entity\res.dart
DA:8,0
DA:10,0
DA:11,0
DA:12,0
DA:13,0
DA:14,0
DA:16,0
DA:18,0
DA:19,0
LF:9
LH:0
end_of_record
SF:lib\entity\resp.dart
DA:10,0
DA:12,0
DA:13,0
DA:14,0
DA:15,0
DA:17,0
DA:18,0
LF:7
LH:0
end_of_record
SF:lib\features\auth\auth_feature.dart
DA:8,1
DA:9,4
DA:10,4
LF:3
LH:3
end_of_record
SF:lib\features\auth\repo\user_state_repo.dart
DA:7,0
LF:1
LH:0
end_of_record
SF:lib\features\auth\datasource\auth_data_impl.dart
DA:8,1
DA:14,0
DA:16,0
DA:17,0
DA:18,0
LF:5
LH:1
end_of_record
SF:lib\features\auth\bloc\auth_bloc.dart
DA:10,1
DA:11,1
DA:15,3
DA:17,1
LF:4
LH:4
end_of_record
SF:lib\features\auth\bloc\auth_event.dart
DA:4,0
DA:8,0
DA:12,0
DA:16,0
DA:22,0
LF:5
LH:0
end_of_record
SF:lib\features\auth\bloc\auth_state.dart
DA:8,1
DA:10,1
DA:12,4
DA:14,0
DA:15,0
DA:20,1
DA:24,1
DA:29,1
DA:33,1
LF:9
LH:7
end_of_record
SF:lib\features\auth\page\entrance_page.dart
DA:11,1
DA:13,1
DA:15,1
DA:16,0
DA:17,0
DA:18,0
DA:20,1
DA:21,2
DA:22,1
LF:9
LH:6
end_of_record
SF:lib\helper\network\net_path_collector.dart
DA:10,0
DA:11,0
DA:12,0
DA:13,0
DA:14,0
DA:23,0
LF:6
LH:0
end_of_record
SF:lib\shared\page\error_page.dart
DA:6,2
DA:8,0
DA:10,0
DA:11,0
DA:12,0
LF:5
LH:1
end_of_record
SF:lib\features\sign_in\page\auth_page.dart
DA:11,1
DA:13,1
DA:14,1
DA:20,1
DA:22,1
DA:25,0
DA:27,0
DA:30,1
DA:31,1
DA:33,0
DA:35,0
DA:38,0
DA:42,1
DA:44,1
DA:46,1
DA:47,2
DA:48,1
DA:49,0
DA:51,0
DA:53,1
DA:54,1
DA:55,1
DA:60,1
DA:67,1
LF:24
LH:17
end_of_record
SF:lib\features\sign_in\bloc\sign_in_bloc.dart
DA:19,2
DA:21,1
DA:22,0
DA:23,0
DA:24,0
DA:28,1
DA:29,0
DA:30,0
DA:34,1
DA:35,0
DA:36,0
DA:40,1
DA:41,0
DA:42,0
DA:46,1
DA:47,0
DA:48,0
DA:49,0
DA:51,0
DA:52,0
DA:54,0
DA:55,0
DA:56,0
DA:57,0
DA:58,0
DA:60,0
DA:64,0
DA:65,0
DA:67,0
DA:73,1
DA:74,0
DA:75,0
DA:76,0
DA:77,0
DA:79,0
DA:80,0
DA:85,1
DA:86,0
DA:87,0
DA:88,0
DA:92,1
DA:94,0
DA:96,0
DA:101,0
DA:102,0
DA:103,0
DA:107,0
DA:109,0
DA:110,0
DA:112,0
DA:114,0
DA:115,0
DA:119,0
DA:122,0
DA:123,0
DA:124,0
DA:125,0
DA:127,0
DA:128,0
DA:132,0
DA:135,0
DA:136,0
DA:137,0
DA:138,0
DA:140,0
DA:141,0
DA:144,0
DA:146,0
LF:68
LH:9
end_of_record
SF:lib\features\sign_in\bloc\sign_in_event.dart
DA:9,3
DA:14,1
DA:19,1
DA:27,0
DA:33,0
DA:41,1
DA:45,2
DA:49,1
DA:53,1
LF:9
LH:7
end_of_record
SF:lib\features\sign_in\bloc\sign_in_state.dart
DA:13,2
DA:14,0
DA:15,0
DA:20,1
DA:25,1
DA:30,2
LF:6
LH:4
end_of_record
SF:lib\helper\toast\toast_helper.dart
DA:9,0
DA:15,0
DA:17,0
DA:19,0
DA:21,0
DA:28,0
DA:33,0
DA:34,0
DA:35,0
DA:40,0
DA:44,0
DA:51,0
DA:55,0
DA:62,0
DA:66,0
DA:73,0
DA:78,0
DA:79,0
DA:80,0
DA:83,0
DA:87,0
DA:92,0
DA:93,0
DA:98,0
LF:24
LH:0
end_of_record
SF:lib\features\sign_in\data\impl\user_verify_data_impl.dart
DA:16,0
DA:18,0
DA:19,0
DA:21,0
DA:23,0
DA:26,0
DA:27,0
DA:28,0
DA:29,0
DA:31,0
DA:34,0
DA:36,0
DA:37,0
DA:39,0
DA:42,0
DA:45,0
DA:46,0
DA:47,0
DA:48,0
DA:49,0
DA:51,0
DA:54,0
DA:56,0
DA:57,0
DA:59,0
DA:62,0
DA:65,0
DA:66,0
DA:67,0
DA:68,0
DA:69,0
DA:71,0
LF:32
LH:0
end_of_record
SF:lib\global_state\device_info.dart
DA:15,0
DA:17,0
DA:19,0
DA:21,0
DA:22,0
DA:23,0
DA:25,0
DA:27,0
DA:29,0
DA:30,0
DA:31,0
DA:32,0
DA:34,0
LF:13
LH:0
end_of_record
SF:lib\helper\network\request_helper.dart
DA:22,0
DA:24,0
DA:26,0
DA:27,0
DA:31,0
DA:32,0
DA:34,0
DA:37,0
LF:8
LH:0
end_of_record
SF:lib\features\sign_in\page\check_code_page.dart
DA:16,1
DA:17,0
DA:18,0
DA:27,0
DA:29,0
DA:30,0
DA:31,0
DA:32,0
DA:33,0
DA:37,0
DA:39,0
DA:40,0
DA:41,0
DA:42,0
DA:45,0
DA:47,0
DA:49,0
DA:50,0
DA:51,0
DA:53,0
DA:55,0
DA:58,0
DA:60,0
DA:63,0
DA:65,0
DA:68,0
DA:71,0
DA:72,0
DA:73,0
DA:74,0
DA:75,0
DA:77,0
DA:80,0
DA:81,0
DA:82,0
DA:83,0
DA:84,0
DA:86,0
DA:87,0
DA:88,0
DA:90,0
DA:92,0
DA:93,0
DA:106,0
DA:107,0
DA:110,0
DA:111,0
DA:112,0
DA:116,0
DA:117,0
DA:124,0
DA:129,0
DA:130,0
DA:131,0
DA:132,0
DA:133,0
DA:140,0
DA:142,0
DA:144,0
DA:145,0
DA:147,0
DA:149,0
DA:150,0
DA:152,0
DA:153,0
DA:154,0
DA:163,0
DA:164,0
DA:165,0
DA:166,0
LF:70
LH:1
end_of_record
SF:lib\features\sign_in\page\email_pwd_sign_page.dart
DA:13,1
DA:15,1
DA:16,1
DA:32,1
DA:34,1
DA:35,2
DA:36,1
DA:37,1
DA:40,0
DA:42,0
DA:43,0
DA:46,1
DA:48,2
DA:49,2
DA:50,2
DA:51,2
DA:54,0
DA:55,0
DA:56,0
DA:59,0
DA:60,0
DA:61,0
DA:62,0
DA:63,0
DA:67,0
DA:68,0
DA:72,0
DA:73,0
DA:74,0
DA:75,0
DA:76,0
DA:78,0
DA:80,0
DA:83,0
DA:84,0
DA:85,0
DA:86,0
DA:87,0
DA:89,0
DA:91,0
DA:94,1
DA:96,1
DA:98,1
DA:99,1
DA:102,1
DA:103,1
DA:104,1
DA:105,1
DA:107,3
DA:111,1
DA:112,1
DA:113,1
DA:115,1
DA:118,1
DA:119,1
DA:120,1
DA:125,3
DA:126,1
DA:127,1
DA:128,1
DA:129,3
DA:135,1
DA:136,1
DA:139,1
DA:140,1
DA:141,2
DA:143,1
DA:147,1
DA:151,3
DA:153,1
DA:154,1
DA:159,0
DA:161,1
DA:162,1
DA:163,1
DA:164,3
DA:169,1
DA:173,1
DA:175,1
DA:178,1
DA:183,1
DA:185,1
DA:188,0
DA:189,2
DA:193,1
DA:195,1
DA:196,1
DA:197,0
DA:198,1
DA:200,4
DA:208,1
DA:210,1
DA:211,1
DA:213,4
DA:214,3
DA:230,0
DA:231,0
DA:234,0
DA:235,0
DA:236,0
DA:239,0
DA:240,0
LF:102
LH:65
end_of_record
SF:lib\features\sign_in\page\enter_email_page.dart
DA:16,1
DA:18,0
DA:19,0
DA:31,0
DA:33,0
DA:34,0
DA:35,0
DA:36,0
DA:39,0
DA:41,0
DA:42,0
DA:45,0
DA:47,0
DA:48,0
DA:49,0
DA:52,0
DA:53,0
DA:56,0
DA:57,0
DA:58,0
DA:59,0
DA:60,0
DA:64,0
DA:65,0
DA:67,0
DA:68,0
DA:69,0
DA:70,0
DA:71,0
DA:73,0
DA:75,0
DA:78,0
DA:80,0
DA:82,0
DA:83,0
DA:84,0
DA:85,0
DA:87,0
DA:90,0
DA:91,0
DA:94,0
DA:95,0
DA:96,0
DA:97,0
DA:99,0
DA:103,0
DA:104,0
DA:105,0
DA:107,0
DA:110,0
DA:111,0
DA:112,0
DA:117,0
DA:118,0
DA:119,0
DA:120,0
DA:121,0
DA:127,0
DA:128,0
DA:131,0
DA:134,0
DA:149,0
DA:150,0
DA:151,0
DA:156,0
DA:157,0
LF:66
LH:1
end_of_record
SF:lib\shared\widget\info_display\headline2.dart
DA:15,0
DA:26,0
DA:29,0
DA:31,0
DA:34,0
DA:35,0
DA:36,0
DA:37,0
DA:39,0
DA:42,0
DA:43,0
DA:44,0
DA:45,0
DA:46,0
DA:47,0
DA:49,0
DA:53,0
DA:54,0
DA:55,0
DA:56,0
DA:57,0
DA:59,0
DA:61,0
DA:62,0
DA:63,0
DA:64,0
DA:65,0
LF:27
LH:0
end_of_record
SF:lib\util\format_tool.dart
DA:3,0
DA:5,0
DA:6,0
DA:8,0
DA:9,0
DA:11,0
DA:12,0
DA:16,0
DA:17,0
DA:18,0
DA:22,0
DA:24,0
DA:27,0
DA:29,0
DA:32,0
DA:33,0
DA:36,0
DA:37,0
DA:40,0
DA:41,0
DA:44,0
DA:45,0
DA:46,0
DA:47,0
DA:48,0
DA:50,0
DA:51,0
DA:53,0
DA:54,0
DA:67,0
DA:68,0
DA:71,0
DA:73,0
DA:75,0
DA:82,0
DA:83,0
LF:36
LH:0
end_of_record
SF:lib\shared\widget\custom_filled_button.dart
DA:3,1
DA:10,1
DA:11,1
DA:12,1
DA:13,0
DA:17,1
DA:18,1
DA:19,1
DA:21,4
DA:22,3
LF:10
LH:9
end_of_record
SF:lib\features\sign_in\repo\impl\sign_in_repo_impl.dart
DA:20,0
DA:22,0
DA:23,0
DA:26,0
DA:28,0
DA:29,0
DA:32,0
DA:34,0
DA:38,0
DA:40,0
DA:43,0
DA:45,0
DA:46,0
DA:47,0
DA:48,0
DA:49,0
DA:50,0
DA:53,0
DA:55,0
DA:56,0
DA:57,0
DA:58,0
DA:59,0
DA:60,0
LF:24
LH:0
end_of_record
SF:lib\global_state\global_user_state.dart
DA:4,0
DA:6,0
DA:7,0
DA:9,0
LF:4
LH:0
end_of_record
SF:lib\features\sign_in\sign_in_feature.dart
DA:9,1
DA:10,4
DA:11,4
LF:3
LH:3
end_of_record
SF:lib\features\theme\bloc\theme_bloc.dart
DA:7,1
DA:8,1
DA:9,0
DA:10,0
LF:4
LH:2
end_of_record
SF:lib\features\theme\bloc\theme_event.dart
DA:3,1
DA:8,1
LF:2
LH:2
end_of_record
SF:lib\features\theme\bloc\theme_state.dart
DA:9,2
DA:12,0
DA:14,0
DA:15,0
DA:17,0
DA:18,0
DA:20,1
DA:21,1
DA:27,2
DA:32,1
LF:10
LH:5
end_of_record
SF:lib\helper\exception\global_exception_handler.dart
DA:9,0
DA:11,0
DA:13,0
DA:14,0
DA:16,0
DA:17,0
DA:19,0
DA:20,0
DA:22,0
DA:25,0
DA:26,0
DA:29,0
DA:33,0
DA:34,0
LF:14
LH:0
end_of_record
SF:lib\helper\nav\navigation_helper.dart
DA:6,0
DA:8,3
DA:9,2
DA:10,3
DA:12,0
DA:13,0
DA:18,0
DA:19,0
DA:24,0
DA:25,0
DA:27,0
DA:28,0
LF:12
LH:3
end_of_record
SF:lib\helper\nav\navigation_observer.dart
DA:7,1
DA:11,2
DA:15,0
DA:19,0
DA:23,0
DA:27,0
DA:31,0
DA:35,0
LF:8
LH:2
end_of_record
SF:lib\helper\nav\route_collector.dart
DA:5,1
DA:7,2
DA:10,1
DA:11,1
LF:4
LH:4
end_of_record
SF:lib\helper\nav\route_generator.dart
DA:6,0
DA:10,0
DA:11,0
DA:17,0
DA:21,0
LF:5
LH:0
end_of_record
SF:lib\helper\network\net_manager.dart
DA:8,0
DA:9,0
DA:11,0
DA:12,0
DA:16,0
DA:17,0
DA:19,0
DA:20,0
DA:24,0
DA:25,0
LF:10
LH:0
end_of_record
SF:lib\helper\network\request_config.dart
DA:9,0
DA:10,0
DA:12,0
DA:15,0
DA:16,0
DA:17,0
DA:23,0
DA:24,0
DA:25,0
LF:9
LH:0
end_of_record
SF:lib\helper\network\request_result.dart
DA:5,0
DA:6,0
DA:7,0
LF:3
LH:0
end_of_record
SF:lib\style\ui_color.dart
DA:14,0
DA:16,0
DA:18,0
DA:20,0
LF:4
LH:0
end_of_record
SF:lib\style\ui_time.dart
DA:6,0
LF:1
LH:0
end_of_record
SF:lib\style\app_theme.dart
DA:6,3
DA:31,1
DA:35,3
DA:62,1
LF:4
LH:4
end_of_record
